<?xml version="1.0" encoding="UTF-8"?>
<testsuite xmlns:xsi="http://www.w3.org/2001/XMLSchema-instance" xsi:noNamespaceSchemaLocation="https://maven.apache.org/surefire/maven-surefire-plugin/xsd/surefire-test-report.xsd" name="com.nsa.AppTest" time="0.028" tests="1" errors="0" skipped="0" failures="0">
  <properties>
    <property name="java.specification.version" value="16"/>
    <property name="sun.jnu.encoding" value="UTF-8"/>
    <property name="java.class.path" value="/home/nico/Projects/Devoxx/nix-dev-env/examples/java/demo-dev-env/target/test-classes:/home/nico/Projects/Devoxx/nix-dev-env/examples/java/demo-dev-env/target/classes:/home/nico/.m2/repository/junit/junit/4.11/junit-4.11.jar:/home/nico/.m2/repository/org/hamcrest/hamcrest-core/1.3/hamcrest-core-1.3.jar:"/>
    <property name="java.vm.vendor" value="Oracle Corporation"/>
    <property name="sun.arch.data.model" value="64"/>
    <property name="java.vendor.url" value="https://openjdk.java.net/"/>
    <property name="os.name" value="Linux"/>
    <property name="java.vm.specification.version" value="16"/>
    <property name="sun.java.launcher" value="SUN_STANDARD"/>
    <property name="user.country" value="US"/>
    <property name="sun.boot.library.path" value="/nix/store/abxdad5kjawswpggqxp5src14vmnffpi-openjdk-16+36/lib/openjdk/lib"/>
    <property name="sun.java.command" value="/home/nico/Projects/Devoxx/nix-dev-env/examples/java/demo-dev-env/target/surefire/surefirebooter6832053428710221810.jar /home/nico/Projects/Devoxx/nix-dev-env/examples/java/demo-dev-env/target/surefire 2023-04-11T21-52-01_695-jvmRun1 surefire16186481017718715350tmp surefire_02856202573520222004tmp"/>
    <property name="jdk.debug" value="release"/>
    <property name="surefire.test.class.path" value="/home/nico/Projects/Devoxx/nix-dev-env/examples/java/demo-dev-env/target/test-classes:/home/nico/Projects/Devoxx/nix-dev-env/examples/java/demo-dev-env/target/classes:/home/nico/.m2/repository/junit/junit/4.11/junit-4.11.jar:/home/nico/.m2/repository/org/hamcrest/hamcrest-core/1.3/hamcrest-core-1.3.jar:"/>
    <property name="sun.cpu.endian" value="little"/>
    <property name="user.home" value="/home/nico"/>
    <property name="user.language" value="en"/>
    <property name="java.specification.vendor" value="Oracle Corporation"/>
    <property name="java.version.date" value="2021-03-16"/>
    <property name="java.home" value="/nix/store/abxdad5kjawswpggqxp5src14vmnffpi-openjdk-16+36/lib/openjdk"/>
    <property name="file.separator" value="/"/>
    <property name="basedir" value="/home/nico/Projects/Devoxx/nix-dev-env/examples/java/demo-dev-env"/>
    <property name="java.vm.compressedOopsMode" value="Zero based"/>
    <property name="line.separator" value="&#10;"/>
    <property name="java.vm.specification.vendor" value="Oracle Corporation"/>
    <property name="java.specification.name" value="Java Platform API Specification"/>
    <property name="surefire.real.class.path" value="/home/nico/Projects/Devoxx/nix-dev-env/examples/java/demo-dev-env/target/surefire/surefirebooter6832053428710221810.jar"/>
    <property name="sun.management.compiler" value="HotSpot 64-Bit Tiered Compilers"/>
    <property name="java.runtime.version" value="16+36-nixos"/>
    <property name="user.name" value="nico"/>
    <property name="path.separator" value=":"/>
    <property name="os.version" value="6.1.21"/>
    <property name="java.runtime.name" value="OpenJDK Runtime Environment"/>
    <property name="file.encoding" value="UTF-8"/>
    <property name="java.vm.name" value="OpenJDK 64-Bit Server VM"/>
    <property name="localRepository" value="/home/nico/.m2/repository"/>
    <property name="java.vendor.url.bug" value="https://bugreport.java.com/bugreport/"/>
    <property name="java.io.tmpdir" value="/tmp"/>
    <property name="java.version" value="16"/>
    <property name="user.dir" value="/home/nico/Projects/Devoxx/nix-dev-env/examples/java/demo-dev-env"/>
    <property name="os.arch" value="amd64"/>
    <property name="java.vm.specification.name" value="Java Virtual Machine Specification"/>
    <property name="java.library.path" value="/usr/java/packages/lib:/usr/lib64:/lib64:/lib:/usr/lib"/>
    <property name="java.vm.info" value="mixed mode, sharing"/>
    <property name="java.vendor" value="N/A"/>
    <property name="java.vm.version" value="16+36-nixos"/>
    <property name="sun.io.unicode.encoding" value="UnicodeLittle"/>
    <property name="java.class.version" value="60.0"/>
  </properties>
  <testcase name="shouldAnswerWithTrue" classname="com.nsa.AppTest" time="0.001"/>
</testsuite>